{"/Users/yangdongsheng/Project/private/demo/test-unit/app.js":{"path":"/Users/yangdongsheng/Project/private/demo/test-unit/app.js","s":{"1":1,"2":0,"3":1},"b":{},"f":{"1":0},"fnMap":{"1":{"name":"forTest","line":3,"loc":{"start":{"line":3,"column":0},"end":{"line":3,"column":24}}}},"statementMap":{"1":{"start":{"line":3,"column":0},"end":{"line":5,"column":1}},"2":{"start":{"line":4,"column":4},"end":{"line":4,"column":24}},"3":{"start":{"line":7,"column":0},"end":{"line":7,"column":26}}},"branchMap":{}}}